Log file open, 09/06/22 21:41:48
LogWindows: Failed to load 'aqProf.dll' (GetLastError=126)
LogWindows: File 'aqProf.dll' does not exist
LogWindows: Failed to load 'VtuneApi.dll' (GetLastError=126)
LogWindows: File 'VtuneApi.dll' does not exist
LogWindows: Failed to load 'VtuneApi32e.dll' (GetLastError=126)
LogWindows: File 'VtuneApi32e.dll' does not exist
LogConsoleResponse: Display: Failed to find resolution value strings in scalability ini. Falling back to default.
LogConsoleResponse: Display: Failed to find resolution value strings in scalability ini. Falling back to default.
LogInit: Display: Running engine for game: VillageLife
LogPlatformFile: Not using cached read wrapper
LogTaskGraph: Started task graph with 5 named threads and 35 total threads with 3 sets of task threads.
LogStats: Stats thread started at 1.162193
LogICUInternationalization: ICU TimeZone Detection - Raw Offset: +3:00, Platform Override: ''
LogInit: Display: Loading text-based GConfig....
LogPluginManager: Mounting plugin MeshPainting
LogPluginManager: Mounting plugin XGEController
LogPluginManager: Mounting plugin Paper2D
LogPluginManager: Mounting plugin LiveLink
LogPluginManager: Mounting plugin AISupport
LogPluginManager: Mounting plugin EnvironmentQueryEditor
LogPluginManager: Mounting plugin LightPropagationVolume
LogPluginManager: Mounting plugin OodleData
LogPluginManager: Mounting plugin CameraShakePreviewer
LogPluginManager: Mounting plugin OodleNetwork
LogPluginManager: Mounting plugin GameplayCameras
LogPluginManager: Mounting plugin DatasmithContent
LogPluginManager: Mounting plugin AssetManagerEditor
LogPluginManager: Mounting plugin CurveEditorTools
LogPluginManager: Mounting plugin CryptoKeys
LogPluginManager: Mounting plugin DataValidation
LogPluginManager: Mounting plugin VariantManagerContent
LogPluginManager: Mounting plugin FacialAnimation
LogPluginManager: Mounting plugin GeometryMode
LogPluginManager: Mounting plugin GameplayTagsEditor
LogPluginManager: Mounting plugin MaterialAnalyzer
LogPluginManager: Mounting plugin MobileLauncherProfileWizard
LogPluginManager: Mounting plugin Niagara
LogPluginManager: Mounting plugin PluginBrowser
LogPluginManager: Mounting plugin SpeedTreeImporter
LogPluginManager: Mounting plugin MacGraphicsSwitching
LogPluginManager: Mounting plugin CLionSourceCodeAccess
LogPluginManager: Mounting plugin AnimationSharing
LogPluginManager: Mounting plugin CodeLiteSourceCodeAccess
LogPluginManager: Mounting plugin PerforceSourceControl
LogPluginManager: Mounting plugin PixWinPlugin
LogPluginManager: Mounting plugin KDevelopSourceCodeAccess
LogPluginManager: Mounting plugin PlasticSourceControl
LogPluginManager: Mounting plugin GitSourceControl
LogPluginManager: Mounting plugin PluginUtils
LogPluginManager: Mounting plugin PropertyAccessNode
LogPluginManager: Mounting plugin NullSourceCodeAccess
LogPluginManager: Mounting plugin SubversionSourceControl
LogPluginManager: Mounting plugin RiderSourceCodeAccess
LogPluginManager: Mounting plugin TextureFormatOodle
LogPluginManager: Mounting plugin UObjectPlugin
LogPluginManager: Mounting plugin VisualStudioCodeSourceCodeAccess
LogPluginManager: Mounting plugin XCodeSourceCodeAccess
LogPluginManager: Mounting plugin MagicLeap
LogPluginManager: Mounting plugin VisualStudioSourceCodeAccess
LogPluginManager: Mounting plugin LuminPlatformFeatures
LogPluginManager: Mounting plugin MagicLeapLightEstimation
LogPluginManager: Mounting plugin MagicLeapMedia
LogPluginManager: Mounting plugin MagicLeapPassableWorld
LogPluginManager: Mounting plugin MLSDK
LogPluginManager: Mounting plugin AndroidMedia
LogPluginManager: Mounting plugin AvfMedia
LogPluginManager: Mounting plugin MediaCompositing
LogPluginManager: Mounting plugin ImgMedia
LogPluginManager: Mounting plugin MediaPlayerEditor
LogPluginManager: Mounting plugin AlembicImporter
LogPluginManager: Mounting plugin WmfMedia
LogPluginManager: Mounting plugin WebMMedia
LogPluginManager: Mounting plugin AutomationUtils
LogPluginManager: Mounting plugin BackChannel
LogPluginManager: Mounting plugin ChaosCloth
LogPluginManager: Mounting plugin ChaosEditor
LogPluginManager: Mounting plugin ChaosNiagara
LogPluginManager: Mounting plugin ChaosSolverPlugin
LogPluginManager: Mounting plugin ChaosClothEditor
LogPluginManager: Mounting plugin CharacterAI
LogPluginManager: Mounting plugin GeometryCache
LogPluginManager: Mounting plugin GeometryCollectionPlugin
LogPluginManager: Mounting plugin TcpMessaging
LogPluginManager: Mounting plugin UdpMessaging
LogPluginManager: Mounting plugin ActorSequence
LogPluginManager: Mounting plugin LevelSequenceEditor
LogPluginManager: Mounting plugin MatineeToLevelSequence
LogPluginManager: Mounting plugin TemplateSequence
LogPluginManager: Mounting plugin GeometryProcessing
LogPluginManager: Mounting plugin MotoSynth
LogPluginManager: Mounting plugin OpenImageDenoise
LogPluginManager: Mounting plugin PlanarCut
LogPluginManager: Mounting plugin PlatformCrypto
LogPluginManager: Mounting plugin ProxyLODPlugin
LogPluginManager: Mounting plugin PythonScriptPlugin
LogPluginManager: Mounting plugin SkeletalReduction
LogPluginManager: Mounting plugin LauncherChunkInstaller
LogPluginManager: Mounting plugin OnlineSubsystem
LogPluginManager: Mounting plugin OnlineSubsystemNull
LogPluginManager: Mounting plugin OnlineSubsystemUtils
LogPluginManager: Mounting plugin ScreenshotTools
LogPluginManager: Mounting plugin ActorLayerUtilities
LogPluginManager: Mounting plugin AndroidDeviceProfileSelector
LogPluginManager: Mounting plugin AndroidPermission
LogPluginManager: Mounting plugin AppleImageUtils
LogPluginManager: Mounting plugin ArchVisCharacter
LogPluginManager: Mounting plugin AndroidMoviePlayer
LogPluginManager: Mounting plugin AssetTags
LogPluginManager: Mounting plugin AudioCapture
LogPluginManager: Mounting plugin AudioSynesthesia
LogPluginManager: Mounting plugin CableComponent
LogPluginManager: Mounting plugin ChunkDownloader
LogPluginManager: Mounting plugin CustomMeshComponent
LogPluginManager: Mounting plugin ExampleDeviceProfileSelector
LogPluginManager: Mounting plugin AppleMoviePlayer
LogPluginManager: Mounting plugin EditableMesh
LogPluginManager: Mounting plugin GooglePAD
LogPluginManager: Mounting plugin GoogleCloudMessaging
LogPluginManager: Mounting plugin Takes
LogPluginManager: Mounting plugin IOSDeviceProfileSelector
LogPluginManager: Mounting plugin LinuxDeviceProfileSelector
LogPluginManager: Mounting plugin LocationServicesBPLibrary
LogPluginManager: Mounting plugin MobilePatchingUtils
LogPluginManager: Mounting plugin OpenXREyeTracker
LogPluginManager: Mounting plugin OpenXR
LogPluginManager: Mounting plugin OpenXRHandTracking
LogPluginManager: Mounting plugin PostSplashScreen
LogPluginManager: Mounting plugin ProceduralMeshComponent
LogPluginManager: Mounting plugin PhysXVehicles
LogPluginManager: Mounting plugin PropertyAccessEditor
LogPluginManager: Mounting plugin RuntimePhysXCooking
LogPluginManager: Mounting plugin SignificanceManager
LogPluginManager: Mounting plugin SoundFields
LogPluginManager: Mounting plugin Synthesis
LogPluginManager: Mounting plugin WebMMoviePlayer
LogPluginManager: Mounting plugin WindowsMoviePlayer
LogPluginManager: Mounting plugin ContentBrowserAssetDataSource
LogPluginManager: Mounting plugin ContentBrowserClassDataSource
LogPluginManager: Mounting plugin ContentBrowserFileDataSource
LogPluginManager: Mounting plugin OnlineSubsystemGooglePlay
LogPluginManager: Mounting plugin OnlineSubsystemIOS
LogPluginManager: Mounting plugin OculusVR
LogPluginManager: Mounting plugin SteamVR
PixWinPlugin: PIX capture plugin failed to initialize! Check that the process is launched from PIX.
LogLuminAPIImpl: Warning: MLSDK not found.  This likely means the MLSDK environment variable is not set.
LogInit: Using libcurl 7.55.1-DEV
LogInit:  - built for x86_64-pc-win32
LogInit:  - supports SSL with OpenSSL/1.1.1
LogInit:  - supports HTTP deflate (compression) using libz 1.2.8
LogInit:  - other features:
LogInit:      CURL_VERSION_SSL
LogInit:      CURL_VERSION_LIBZ
LogInit:      CURL_VERSION_IPV6
LogInit:      CURL_VERSION_ASYNCHDNS
LogInit:      CURL_VERSION_LARGEFILE
LogInit:      CURL_VERSION_IDN
LogInit:  CurlRequestOptions (configurable via config and command line):
LogInit:  - bVerifyPeer = true  - Libcurl will verify peer certificate
LogInit:  - bUseHttpProxy = false  - Libcurl will NOT use HTTP proxy
LogInit:  - bDontReuseConnections = false  - Libcurl will reuse connections
LogInit:  - MaxHostConnections = 16  - Libcurl will limit the number of connections to a host
LogInit:  - LocalHostAddr = Default
LogInit:  - BufferSize = 65536
LogOnline: OSS: Creating online subsystem instance for: NULL
LogInit: WinSock: version 1.1 (2.2), MaxSocks=32767, MaxUdp=65467
LogOnline: OSS: TryLoadSubsystemAndSetDefault: Loaded subsystem for module [NULL]
LogOculusPluginWrapper: OculusPlugin initialized successfully
LogHMD: Failed initializing OVRPlugin 1.59.0
LogInit: Build: ++UE4+Release-4.27-CL-18319896
LogInit: Engine Version: 4.27.2-18319896+++UE4+Release-4.27
LogInit: Compatible Engine Version: 4.27.0-17155196+++UE4+Release-4.27
LogInit: Net CL: 17155196
LogInit: OS: Windows 10 (Release 2009) (), CPU: Intel(R) Core(TM) i7-8750H CPU @ 2.20GHz, GPU: Intel(R) UHD Graphics 630
LogInit: Compiled (64-bit): Nov 30 2021 07:12:08
LogInit: Compiled with Visual C++: 19.24.28315.00
LogInit: Build Configuration: Development
LogInit: Branch Name: ++UE4+Release-4.27
LogInit: Command Line: 
LogInit: Base Directory: C:/Program Files/Epic Games/UE_4.27/Engine/Binaries/Win64/
LogInit: Allocator: TBB
LogInit: Installed Engine Build: 1
LogDevObjectVersion: Number of dev versions registered: 29
LogDevObjectVersion:   Dev-Blueprints (B0D832E4-1F89-4F0D-ACCF-7EB736FD4AA2): 10
LogDevObjectVersion:   Dev-Build (E1C64328-A22C-4D53-A36C-8E866417BD8C): 0
LogDevObjectVersion:   Dev-Core (375EC13C-06E4-48FB-B500-84F0262A717E): 4
LogDevObjectVersion:   Dev-Editor (E4B068ED-F494-42E9-A231-DA0B2E46BB41): 40
LogDevObjectVersion:   Dev-Framework (CFFC743F-43B0-4480-9391-14DF171D2073): 37
LogDevObjectVersion:   Dev-Mobile (B02B49B5-BB20-44E9-A304-32B752E40360): 3
LogDevObjectVersion:   Dev-Networking (A4E4105C-59A1-49B5-A7C5-40C4547EDFEE): 0
LogDevObjectVersion:   Dev-Online (39C831C9-5AE6-47DC-9A44-9C173E1C8E7C): 0
LogDevObjectVersion:   Dev-Physics (78F01B33-EBEA-4F98-B9B4-84EACCB95AA2): 14
LogDevObjectVersion:   Dev-Platform (6631380F-2D4D-43E0-8009-CF276956A95A): 0
LogDevObjectVersion:   Dev-Rendering (12F88B9F-8875-4AFC-A67C-D90C383ABD29): 45
LogDevObjectVersion:   Dev-Sequencer (7B5AE74C-D270-4C10-A958-57980B212A5A): 13
LogDevObjectVersion:   Dev-VR (D7296918-1DD6-4BDD-9DE2-64A83CC13884): 3
LogDevObjectVersion:   Dev-LoadTimes (C2A15278-BFE7-4AFE-6C17-90FF531DF755): 1
LogDevObjectVersion:   Private-Geometry (6EACA3D4-40EC-4CC1-B786-8BED09428FC5): 3
LogDevObjectVersion:   Dev-AnimPhys (29E575DD-E0A3-4627-9D10-D276232CDCEA): 17
LogDevObjectVersion:   Dev-Anim (AF43A65D-7FD3-4947-9873-3E8ED9C1BB05): 15
LogDevObjectVersion:   Dev-ReflectionCapture (6B266CEC-1EC7-4B8F-A30B-E4D90942FC07): 1
LogDevObjectVersion:   Dev-Automation (0DF73D61-A23F-47EA-B727-89E90C41499A): 1
LogDevObjectVersion:   FortniteMain (601D1886-AC64-4F84-AA16-D3DE0DEAC7D6): 47
LogDevObjectVersion:   FortniteRelease (E7086368-6B23-4C58-8439-1B7016265E91): 1
LogDevObjectVersion:   Dev-Enterprise (9DFFBCD6-494F-0158-E221-12823C92A888): 10
LogDevObjectVersion:   Dev-Niagara (F2AED0AC-9AFE-416F-8664-AA7FFA26D6FC): 1
LogDevObjectVersion:   Dev-Destruction (174F1F0B-B4C6-45A5-B13F-2EE8D0FB917D): 10
LogDevObjectVersion:   Dev-Physics-Ext (35F94A83-E258-406C-A318-09F59610247C): 41
LogDevObjectVersion:   Dev-PhysicsMaterial-Chaos (B68FC16E-8B1B-42E2-B453-215C058844FE): 1
LogDevObjectVersion:   Dev-CineCamera (B2E18506-4273-CFC2-A54E-F4BB758BBA07): 1
LogDevObjectVersion:   Dev-VirtualProduction (64F58936-FD1B-42BA-BA96-7289D5D0FA4E): 1
LogDevObjectVersion:   Dev-MediaFramework (6F0ED827-A609-4895-9C91-998D90180EA4): 2
LogInit: Presizing for max 25165824 objects, including 0 objects not considered by GC, pre-allocating 0 bytes for permanent pool.
LogConfig: Applying CVar settings from Section [/Script/Engine.StreamingSettings] File [C:/Users/halil/Documents/Unreal Projects/VillageLife/VillageLife/VillageLife/Saved/Config/Windows/Engine.ini]
LogConfig: Setting CVar [[s.MinBulkDataSizeForAsyncLoading:131072]]
LogConfig: Setting CVar [[s.AsyncLoadingThreadEnabled:0]]
LogConfig: Setting CVar [[s.EventDrivenLoaderEnabled:1]]
LogConfig: Setting CVar [[s.WarnIfTimeLimitExceeded:0]]
LogConfig: Setting CVar [[s.TimeLimitExceededMultiplier:1.5]]
LogConfig: Setting CVar [[s.TimeLimitExceededMinTime:0.005]]
LogConfig: Setting CVar [[s.UseBackgroundLevelStreaming:1]]
LogConfig: Setting CVar [[s.PriorityAsyncLoadingExtraTime:15.0]]
LogConfig: Setting CVar [[s.LevelStreamingActorsUpdateTimeLimit:5.0]]
LogConfig: Setting CVar [[s.PriorityLevelStreamingActorsUpdateExtraTime:5.0]]
LogConfig: Setting CVar [[s.LevelStreamingComponentsRegistrationGranularity:10]]
LogConfig: Setting CVar [[s.UnregisterComponentsTimeLimit:1.0]]
LogConfig: Setting CVar [[s.LevelStreamingComponentsUnregistrationGranularity:5]]
LogConfig: Setting CVar [[s.FlushStreamingOnExit:1]]
LogInit: Object subsystem initialized
LogConfig: Setting CVar [[con.DebugEarlyDefault:1]]
LogConfig: Setting CVar [[r.setres:1280x720]]
[2022.09.06-18.41.56:969][  0]LogConfig: Setting CVar [[r.VSync:0]]
[2022.09.06-18.41.56:969][  0]LogConfig: Setting CVar [[r.RHICmdBypass:0]]
[2022.09.06-18.41.56:969][  0]LogConfig: Applying CVar settings from Section [/Script/Engine.RendererSettings] File [C:/Users/halil/Documents/Unreal Projects/VillageLife/VillageLife/VillageLife/Saved/Config/Windows/Engine.ini]
[2022.09.06-18.41.56:969][  0]LogConfig: Setting CVar [[r.GPUCrashDebugging:0]]
[2022.09.06-18.41.56:969][  0]LogConfig: Applying CVar settings from Section [/Script/Engine.RendererOverrideSettings] File [C:/Users/halil/Documents/Unreal Projects/VillageLife/VillageLife/VillageLife/Saved/Config/Windows/Engine.ini]
[2022.09.06-18.41.56:969][  0]LogConfig: Applying CVar settings from Section [/Script/Engine.StreamingSettings] File [C:/Users/halil/Documents/Unreal Projects/VillageLife/VillageLife/VillageLife/Saved/Config/Windows/Engine.ini]
[2022.09.06-18.41.56:969][  0]LogConfig: Setting CVar [[s.MinBulkDataSizeForAsyncLoading:131072]]
[2022.09.06-18.41.56:969][  0]LogConfig: Setting CVar [[s.AsyncLoadingThreadEnabled:0]]
[2022.09.06-18.41.56:969][  0]LogConfig: Setting CVar [[s.EventDrivenLoaderEnabled:1]]
[2022.09.06-18.41.56:969][  0]LogConfig: Setting CVar [[s.WarnIfTimeLimitExceeded:0]]
[2022.09.06-18.41.56:969][  0]LogConfig: Setting CVar [[s.TimeLimitExceededMultiplier:1.5]]
[2022.09.06-18.41.56:969][  0]LogConfig: Setting CVar [[s.TimeLimitExceededMinTime:0.005]]
[2022.09.06-18.41.56:969][  0]LogConfig: Setting CVar [[s.UseBackgroundLevelStreaming:1]]
[2022.09.06-18.41.56:969][  0]LogConfig: Setting CVar [[s.PriorityAsyncLoadingExtraTime:15.0]]
[2022.09.06-18.41.56:970][  0]LogConfig: Setting CVar [[s.LevelStreamingActorsUpdateTimeLimit:5.0]]
[2022.09.06-18.41.56:970][  0]LogConfig: Setting CVar [[s.PriorityLevelStreamingActorsUpdateExtraTime:5.0]]
[2022.09.06-18.41.56:970][  0]LogConfig: Setting CVar [[s.LevelStreamingComponentsRegistrationGranularity:10]]
[2022.09.06-18.41.56:970][  0]LogConfig: Setting CVar [[s.UnregisterComponentsTimeLimit:1.0]]
[2022.09.06-18.41.56:970][  0]LogConfig: Setting CVar [[s.LevelStreamingComponentsUnregistrationGranularity:5]]
[2022.09.06-18.41.56:970][  0]LogConfig: Setting CVar [[s.FlushStreamingOnExit:1]]
[2022.09.06-18.41.56:970][  0]LogConfig: Applying CVar settings from Section [/Script/Engine.GarbageCollectionSettings] File [C:/Users/halil/Documents/Unreal Projects/VillageLife/VillageLife/VillageLife/Saved/Config/Windows/Engine.ini]
[2022.09.06-18.41.56:970][  0]LogConfig: Setting CVar [[gc.MaxObjectsNotConsideredByGC:1]]
[2022.09.06-18.41.56:970][  0]LogConfig: Setting CVar [[gc.SizeOfPermanentObjectPool:0]]
[2022.09.06-18.41.56:970][  0]LogConfig: Setting CVar [[gc.FlushStreamingOnGC:0]]
[2022.09.06-18.41.56:970][  0]LogConfig: Setting CVar [[gc.NumRetriesBeforeForcingGC:10]]
[2022.09.06-18.41.56:970][  0]LogConfig: Setting CVar [[gc.AllowParallelGC:1]]
[2022.09.06-18.41.56:970][  0]LogConfig: Setting CVar [[gc.TimeBetweenPurgingPendingKillObjects:61.1]]
[2022.09.06-18.41.56:970][  0]LogConfig: Setting CVar [[gc.MaxObjectsInEditor:25165824]]
[2022.09.06-18.41.56:970][  0]LogConfig: Setting CVar [[gc.IncrementalBeginDestroyEnabled:1]]
[2022.09.06-18.41.56:970][  0]LogConfig: Setting CVar [[gc.CreateGCClusters:1]]
[2022.09.06-18.41.56:970][  0]LogConfig: Setting CVar [[gc.MinGCClusterSize:5]]
[2022.09.06-18.41.56:970][  0]LogConfig: Setting CVar [[gc.ActorClusteringEnabled:0]]
[2022.09.06-18.41.56:970][  0]LogConfig: Setting CVar [[gc.BlueprintClusteringEnabled:0]]
[2022.09.06-18.41.56:971][  0]LogConfig: Setting CVar [[gc.UseDisregardForGCOnDedicatedServers:0]]
[2022.09.06-18.41.56:971][  0]LogConfig: Setting CVar [[gc.MultithreadedDestructionEnabled:1]]
[2022.09.06-18.41.56:971][  0]LogConfig: Applying CVar settings from Section [/Script/Engine.NetworkSettings] File [C:/Users/halil/Documents/Unreal Projects/VillageLife/VillageLife/VillageLife/Saved/Config/Windows/Engine.ini]
[2022.09.06-18.41.56:971][  0]LogConfig: Applying CVar settings from Section [/Script/UnrealEd.CookerSettings] File [C:/Users/halil/Documents/Unreal Projects/VillageLife/VillageLife/VillageLife/Saved/Config/Windows/Engine.ini]
[2022.09.06-18.41.57:023][  0]LogConfig: Applying CVar settings from Section [ViewDistanceQuality@3] File [C:/Users/halil/Documents/Unreal Projects/VillageLife/VillageLife/VillageLife/Saved/Config/Windows/Scalability.ini]
[2022.09.06-18.41.57:023][  0]LogConfig: Setting CVar [[r.SkeletalMeshLODBias:0]]
[2022.09.06-18.41.57:023][  0]LogConfig: Setting CVar [[r.ViewDistanceScale:1.0]]
[2022.09.06-18.41.57:023][  0]LogConfig: Applying CVar settings from Section [AntiAliasingQuality@3] File [C:/Users/halil/Documents/Unreal Projects/VillageLife/VillageLife/VillageLife/Saved/Config/Windows/Scalability.ini]
[2022.09.06-18.41.57:023][  0]LogConfig: Setting CVar [[r.PostProcessAAQuality:4]]
[2022.09.06-18.41.57:023][  0]LogConfig: Applying CVar settings from Section [ShadowQuality@3] File [C:/Users/halil/Documents/Unreal Projects/VillageLife/VillageLife/VillageLife/Saved/Config/Windows/Scalability.ini]
[2022.09.06-18.41.57:023][  0]LogConfig: Setting CVar [[r.LightFunctionQuality:1]]
[2022.09.06-18.41.57:023][  0]LogConfig: Setting CVar [[r.ShadowQuality:5]]
[2022.09.06-18.41.57:023][  0]LogConfig: Setting CVar [[r.Shadow.CSM.MaxCascades:10]]
[2022.09.06-18.41.57:023][  0]LogConfig: Setting CVar [[r.Shadow.MaxResolution:2048]]
[2022.09.06-18.41.57:023][  0]LogConfig: Setting CVar [[r.Shadow.MaxCSMResolution:2048]]
[2022.09.06-18.41.57:023][  0]LogConfig: Setting CVar [[r.Shadow.RadiusThreshold:0.01]]
[2022.09.06-18.41.57:023][  0]LogConfig: Setting CVar [[r.Shadow.DistanceScale:1.0]]
[2022.09.06-18.41.57:023][  0]LogConfig: Setting CVar [[r.Shadow.CSM.TransitionScale:1.0]]
[2022.09.06-18.41.57:024][  0]LogConfig: Setting CVar [[r.Shadow.PreShadowResolutionFactor:1.0]]
[2022.09.06-18.41.57:024][  0]LogConfig: Setting CVar [[r.DistanceFieldShadowing:1]]
[2022.09.06-18.41.57:024][  0]LogConfig: Setting CVar [[r.DistanceFieldAO:1]]
[2022.09.06-18.41.57:024][  0]LogConfig: Setting CVar [[r.AOQuality:2]]
[2022.09.06-18.41.57:024][  0]LogConfig: Setting CVar [[r.VolumetricFog:1]]
[2022.09.06-18.41.57:024][  0]LogConfig: Setting CVar [[r.VolumetricFog.GridPixelSize:8]]
[2022.09.06-18.41.57:024][  0]LogConfig: Setting CVar [[r.VolumetricFog.GridSizeZ:128]]
[2022.09.06-18.41.57:024][  0]LogConfig: Setting CVar [[r.VolumetricFog.HistoryMissSupersampleCount:4]]
[2022.09.06-18.41.57:024][  0]LogConfig: Setting CVar [[r.LightMaxDrawDistanceScale:1]]
[2022.09.06-18.41.57:024][  0]LogConfig: Setting CVar [[r.CapsuleShadows:1]]
[2022.09.06-18.41.57:024][  0]LogConfig: Applying CVar settings from Section [PostProcessQuality@3] File [C:/Users/halil/Documents/Unreal Projects/VillageLife/VillageLife/VillageLife/Saved/Config/Windows/Scalability.ini]
[2022.09.06-18.41.57:024][  0]LogConfig: Setting CVar [[r.MotionBlurQuality:4]]
[2022.09.06-18.41.57:024][  0]LogConfig: Setting CVar [[r.AmbientOcclusionMipLevelFactor:0.4]]
[2022.09.06-18.41.57:024][  0]LogConfig: Setting CVar [[r.AmbientOcclusionMaxQuality:100]]
[2022.09.06-18.41.57:024][  0]LogConfig: Setting CVar [[r.AmbientOcclusionLevels:-1]]
[2022.09.06-18.41.57:024][  0]LogConfig: Setting CVar [[r.AmbientOcclusionRadiusScale:1.0]]
[2022.09.06-18.41.57:024][  0]LogConfig: Setting CVar [[r.DepthOfFieldQuality:2]]
[2022.09.06-18.41.57:024][  0]LogConfig: Setting CVar [[r.RenderTargetPoolMin:400]]
[2022.09.06-18.41.57:024][  0]LogConfig: Setting CVar [[r.LensFlareQuality:2]]
[2022.09.06-18.41.57:024][  0]LogConfig: Setting CVar [[r.SceneColorFringeQuality:1]]
[2022.09.06-18.41.57:025][  0]LogConfig: Setting CVar [[r.EyeAdaptationQuality:2]]
[2022.09.06-18.41.57:025][  0]LogConfig: Setting CVar [[r.BloomQuality:5]]
[2022.09.06-18.41.57:025][  0]LogConfig: Setting CVar [[r.FastBlurThreshold:100]]
[2022.09.06-18.41.57:025][  0]LogConfig: Setting CVar [[r.Upscale.Quality:3]]
[2022.09.06-18.41.57:025][  0]LogConfig: Setting CVar [[r.Tonemapper.GrainQuantization:1]]
[2022.09.06-18.41.57:025][  0]LogConfig: Setting CVar [[r.LightShaftQuality:1]]
[2022.09.06-18.41.57:025][  0]LogConfig: Setting CVar [[r.Filter.SizeScale:1]]
[2022.09.06-18.41.57:025][  0]LogConfig: Setting CVar [[r.Tonemapper.Quality:5]]
[2022.09.06-18.41.57:025][  0]LogConfig: Setting CVar [[r.DOF.Gather.AccumulatorQuality:1        ; higher gathering accumulator quality]]
[2022.09.06-18.41.57:025][  0]LogConfig: Setting CVar [[r.DOF.Gather.PostfilterMethod:1          ; Median3x3 postfilering method]]
[2022.09.06-18.41.57:025][  0]LogConfig: Setting CVar [[r.DOF.Gather.EnableBokehSettings:0       ; no bokeh simulation when gathering]]
[2022.09.06-18.41.57:025][  0]LogConfig: Setting CVar [[r.DOF.Gather.RingCount:4                 ; medium number of samples when gathering]]
[2022.09.06-18.41.57:025][  0]LogConfig: Setting CVar [[r.DOF.Scatter.ForegroundCompositing:1    ; additive foreground scattering]]
[2022.09.06-18.41.57:025][  0]LogConfig: Setting CVar [[r.DOF.Scatter.BackgroundCompositing:2    ; additive background scattering]]
[2022.09.06-18.41.57:025][  0]LogConfig: Setting CVar [[r.DOF.Scatter.EnableBokehSettings:1      ; bokeh simulation when scattering]]
[2022.09.06-18.41.57:025][  0]LogConfig: Setting CVar [[r.DOF.Scatter.MaxSpriteRatio:0.1         ; only a maximum of 10% of scattered bokeh]]
[2022.09.06-18.41.57:025][  0]LogConfig: Setting CVar [[r.DOF.Recombine.Quality:1                ; cheap slight out of focus]]
[2022.09.06-18.41.57:025][  0]LogConfig: Setting CVar [[r.DOF.Recombine.EnableBokehSettings:0    ; no bokeh simulation on slight out of focus]]
[2022.09.06-18.41.57:026][  0]LogConfig: Setting CVar [[r.DOF.TemporalAAQuality:1                ; more stable temporal accumulation]]
[2022.09.06-18.41.57:026][  0]LogConfig: Setting CVar [[r.DOF.Kernel.MaxForegroundRadius:0.025]]
[2022.09.06-18.41.57:026][  0]LogConfig: Setting CVar [[r.DOF.Kernel.MaxBackgroundRadius:0.025]]
[2022.09.06-18.41.57:026][  0]LogConfig: Applying CVar settings from Section [TextureQuality@3] File [C:/Users/halil/Documents/Unreal Projects/VillageLife/VillageLife/VillageLife/Saved/Config/Windows/Scalability.ini]
[2022.09.06-18.41.57:026][  0]LogConfig: Setting CVar [[r.Streaming.MipBias:0]]
[2022.09.06-18.41.57:026][  0]LogConfig: Setting CVar [[r.Streaming.AmortizeCPUToGPUCopy:0]]
[2022.09.06-18.41.57:026][  0]LogConfig: Setting CVar [[r.Streaming.MaxNumTexturesToStreamPerFrame:0]]
[2022.09.06-18.41.57:026][  0]LogConfig: Setting CVar [[r.Streaming.Boost:1]]
[2022.09.06-18.41.57:026][  0]LogConfig: Setting CVar [[r.MaxAnisotropy:8]]
[2022.09.06-18.41.57:026][  0]LogConfig: Setting CVar [[r.VT.MaxAnisotropy:8]]
[2022.09.06-18.41.57:026][  0]LogConfig: Setting CVar [[r.Streaming.LimitPoolSizeToVRAM:0]]
[2022.09.06-18.41.57:026][  0]LogConfig: Setting CVar [[r.Streaming.PoolSize:1000]]
[2022.09.06-18.41.57:026][  0]LogConfig: Setting CVar [[r.Streaming.MaxEffectiveScreenSize:0]]
[2022.09.06-18.41.57:026][  0]LogConfig: Applying CVar settings from Section [EffectsQuality@3] File [C:/Users/halil/Documents/Unreal Projects/VillageLife/VillageLife/VillageLife/Saved/Config/Windows/Scalability.ini]
[2022.09.06-18.41.57:026][  0]LogConfig: Setting CVar [[r.TranslucencyLightingVolumeDim:64]]
[2022.09.06-18.41.57:026][  0]LogConfig: Setting CVar [[r.RefractionQuality:2]]
[2022.09.06-18.41.57:026][  0]LogConfig: Setting CVar [[r.SSR.Quality:3]]
[2022.09.06-18.41.57:026][  0]LogConfig: Setting CVar [[r.SSR.HalfResSceneColor:0]]
[2022.09.06-18.41.57:026][  0]LogConfig: Setting CVar [[r.SceneColorFormat:4]]
[2022.09.06-18.41.57:027][  0]LogConfig: Setting CVar [[r.DetailMode:2]]
[2022.09.06-18.41.57:027][  0]LogConfig: Setting CVar [[r.TranslucencyVolumeBlur:1]]
[2022.09.06-18.41.57:027][  0]LogConfig: Setting CVar [[r.MaterialQualityLevel:1 ; High quality]]
[2022.09.06-18.41.57:027][  0]LogConfig: Setting CVar [[r.AnisotropicMaterials:1]]
[2022.09.06-18.41.57:027][  0]LogConfig: Setting CVar [[r.SSS.Scale:1]]
[2022.09.06-18.41.57:027][  0]LogConfig: Setting CVar [[r.SSS.SampleSet:2]]
[2022.09.06-18.41.57:027][  0]LogConfig: Setting CVar [[r.SSS.Quality:1]]
[2022.09.06-18.41.57:027][  0]LogConfig: Setting CVar [[r.SSS.HalfRes:0]]
[2022.09.06-18.41.57:027][  0]LogConfig: Setting CVar [[r.SSGI.Quality:3]]
[2022.09.06-18.41.57:027][  0]LogConfig: Setting CVar [[r.EmitterSpawnRateScale:1.0]]
[2022.09.06-18.41.57:027][  0]LogConfig: Setting CVar [[r.ParticleLightQuality:2]]
[2022.09.06-18.41.57:027][  0]LogConfig: Setting CVar [[r.SkyAtmosphere.AerialPerspectiveLUT.FastApplyOnOpaque:1 ; Always have FastSkyLUT 1 in this case to avoid wrong sky]]
[2022.09.06-18.41.57:027][  0]LogConfig: Setting CVar [[r.SkyAtmosphere.AerialPerspectiveLUT.SampleCountMaxPerSlice:4]]
[2022.09.06-18.41.57:027][  0]LogConfig: Setting CVar [[r.SkyAtmosphere.AerialPerspectiveLUT.DepthResolution:16.0]]
[2022.09.06-18.41.57:027][  0]LogConfig: Setting CVar [[r.SkyAtmosphere.FastSkyLUT:1]]
[2022.09.06-18.41.57:027][  0]LogConfig: Setting CVar [[r.SkyAtmosphere.FastSkyLUT.SampleCountMin:4.0]]
[2022.09.06-18.41.57:027][  0]LogConfig: Setting CVar [[r.SkyAtmosphere.FastSkyLUT.SampleCountMax:128.0]]
[2022.09.06-18.41.57:027][  0]LogConfig: Setting CVar [[r.SkyAtmosphere.SampleCountMin:4.0]]
[2022.09.06-18.41.57:027][  0]LogConfig: Setting CVar [[r.SkyAtmosphere.SampleCountMax:128.0]]
[2022.09.06-18.41.57:027][  0]LogConfig: Setting CVar [[r.SkyAtmosphere.TransmittanceLUT.UseSmallFormat:0]]
[2022.09.06-18.41.57:028][  0]LogConfig: Setting CVar [[r.SkyAtmosphere.TransmittanceLUT.SampleCount:10.0]]
[2022.09.06-18.41.57:028][  0]LogConfig: Setting CVar [[r.SkyAtmosphere.MultiScatteringLUT.SampleCount:15.0]]
[2022.09.06-18.41.57:028][  0]LogConfig: Setting CVar [[r.SkyLight.RealTimeReflectionCapture:1]]
[2022.09.06-18.41.57:028][  0]LogConfig: Applying CVar settings from Section [FoliageQuality@3] File [C:/Users/halil/Documents/Unreal Projects/VillageLife/VillageLife/VillageLife/Saved/Config/Windows/Scalability.ini]
[2022.09.06-18.41.57:028][  0]LogConfig: Setting CVar [[foliage.DensityScale:1.0]]
[2022.09.06-18.41.57:028][  0]LogConfig: Setting CVar [[grass.DensityScale:1.0]]
[2022.09.06-18.41.57:028][  0]LogConfig: Applying CVar settings from Section [ShadingQuality@3] File [C:/Users/halil/Documents/Unreal Projects/VillageLife/VillageLife/VillageLife/Saved/Config/Windows/Scalability.ini]
[2022.09.06-18.41.57:028][  0]LogConfig: Setting CVar [[r.HairStrands.SkyLighting.IntegrationType:2]]
[2022.09.06-18.41.57:028][  0]LogConfig: Setting CVar [[r.HairStrands.SkyAO.SampleCount:4]]
[2022.09.06-18.41.57:028][  0]LogConfig: Setting CVar [[r.HairStrands.Visibility.MSAA.SamplePerPixel:4]]
[2022.09.06-18.41.57:028][  0]LogInit: Selected Device Profile: [Windows]
[2022.09.06-18.41.57:028][  0]LogInit: Applying CVar settings loaded from the selected device profile: [Windows]
[2022.09.06-18.41.57:028][  0]LogHAL: Display: Platform has ~ 8 GB [8476225536 / 8589934592 / 8], which maps to Default [LargestMinGB=32, LargerMinGB=12, DefaultMinGB=8, SmallerMinGB=6, SmallestMinGB=0)
[2022.09.06-18.41.57:029][  0]LogInit: Going up to parent DeviceProfile []
[2022.09.06-18.41.57:029][  0]LogConfig: Applying CVar settings from Section [ViewDistanceQuality@3] File [C:/Users/halil/Documents/Unreal Projects/VillageLife/VillageLife/VillageLife/Saved/Config/Windows/Scalability.ini]
[2022.09.06-18.41.57:029][  0]LogConfig: Setting CVar [[r.SkeletalMeshLODBias:0]]
[2022.09.06-18.41.57:029][  0]LogConfig: Setting CVar [[r.ViewDistanceScale:1.0]]
[2022.09.06-18.41.57:029][  0]LogConfig: Applying CVar settings from Section [AntiAliasingQuality@3] File [C:/Users/halil/Documents/Unreal Projects/VillageLife/VillageLife/VillageLife/Saved/Config/Windows/Scalability.ini]
[2022.09.06-18.41.57:029][  0]LogConfig: Setting CVar [[r.PostProcessAAQuality:4]]
[2022.09.06-18.41.57:029][  0]LogConfig: Applying CVar settings from Section [ShadowQuality@3] File [C:/Users/halil/Documents/Unreal Projects/VillageLife/VillageLife/VillageLife/Saved/Config/Windows/Scalability.ini]
[2022.09.06-18.41.57:029][  0]LogConfig: Setting CVar [[r.LightFunctionQuality:1]]
[2022.09.06-18.41.57:029][  0]LogConfig: Setting CVar [[r.ShadowQuality:5]]
[2022.09.06-18.41.57:029][  0]LogConfig: Setting CVar [[r.Shadow.CSM.MaxCascades:10]]
[2022.09.06-18.41.57:029][  0]LogConfig: Setting CVar [[r.Shadow.MaxResolution:2048]]
[2022.09.06-18.41.57:029][  0]LogConfig: Setting CVar [[r.Shadow.MaxCSMResolution:2048]]
[2022.09.06-18.41.57:029][  0]LogConfig: Setting CVar [[r.Shadow.RadiusThreshold:0.01]]
[2022.09.06-18.41.57:029][  0]LogConfig: Setting CVar [[r.Shadow.DistanceScale:1.0]]
[2022.09.06-18.41.57:029][  0]LogConfig: Setting CVar [[r.Shadow.CSM.TransitionScale:1.0]]
[2022.09.06-18.41.57:030][  0]LogConfig: Setting CVar [[r.Shadow.PreShadowResolutionFactor:1.0]]
[2022.09.06-18.41.57:030][  0]LogConfig: Setting CVar [[r.DistanceFieldShadowing:1]]
[2022.09.06-18.41.57:030][  0]LogConfig: Setting CVar [[r.DistanceFieldAO:1]]
[2022.09.06-18.41.57:030][  0]LogConfig: Setting CVar [[r.AOQuality:2]]
[2022.09.06-18.41.57:030][  0]LogConfig: Setting CVar [[r.VolumetricFog:1]]
[2022.09.06-18.41.57:030][  0]LogConfig: Setting CVar [[r.VolumetricFog.GridPixelSize:8]]
[2022.09.06-18.41.57:030][  0]LogConfig: Setting CVar [[r.VolumetricFog.GridSizeZ:128]]
[2022.09.06-18.41.57:030][  0]LogConfig: Setting CVar [[r.VolumetricFog.HistoryMissSupersampleCount:4]]
[2022.09.06-18.41.57:030][  0]LogConfig: Setting CVar [[r.LightMaxDrawDistanceScale:1]]
[2022.09.06-18.41.57:030][  0]LogConfig: Setting CVar [[r.CapsuleShadows:1]]
[2022.09.06-18.41.57:030][  0]LogConfig: Applying CVar settings from Section [PostProcessQuality@3] File [C:/Users/halil/Documents/Unreal Projects/VillageLife/VillageLife/VillageLife/Saved/Config/Windows/Scalability.ini]
[2022.09.06-18.41.57:030][  0]LogConfig: Setting CVar [[r.MotionBlurQuality:4]]
[2022.09.06-18.41.57:030][  0]LogConfig: Setting CVar [[r.AmbientOcclusionMipLevelFactor:0.4]]
[2022.09.06-18.41.57:030][  0]LogConfig: Setting CVar [[r.AmbientOcclusionMaxQuality:100]]
[2022.09.06-18.41.57:030][  0]LogConfig: Setting CVar [[r.AmbientOcclusionLevels:-1]]
[2022.09.06-18.41.57:030][  0]LogConfig: Setting CVar [[r.AmbientOcclusionRadiusScale:1.0]]
[2022.09.06-18.41.57:030][  0]LogConfig: Setting CVar [[r.DepthOfFieldQuality:2]]
[2022.09.06-18.41.57:030][  0]LogConfig: Setting CVar [[r.RenderTargetPoolMin:400]]
[2022.09.06-18.41.57:030][  0]LogConfig: Setting CVar [[r.LensFlareQuality:2]]
[2022.09.06-18.41.57:030][  0]LogConfig: Setting CVar [[r.SceneColorFringeQuality:1]]
[2022.09.06-18.41.57:031][  0]LogConfig: Setting CVar [[r.EyeAdaptationQuality:2]]
[2022.09.06-18.41.57:031][  0]LogConfig: Setting CVar [[r.BloomQuality:5]]
[2022.09.06-18.41.57:031][  0]LogConfig: Setting CVar [[r.FastBlurThreshold:100]]
[2022.09.06-18.41.57:031][  0]LogConfig: Setting CVar [[r.Upscale.Quality:3]]
[2022.09.06-18.41.57:031][  0]LogConfig: Setting CVar [[r.Tonemapper.GrainQuantization:1]]
[2022.09.06-18.41.57:031][  0]LogConfig: Setting CVar [[r.LightShaftQuality:1]]
[2022.09.06-18.41.57:031][  0]LogConfig: Setting CVar [[r.Filter.SizeScale:1]]
[2022.09.06-18.41.57:031][  0]LogConfig: Setting CVar [[r.Tonemapper.Quality:5]]
[2022.09.06-18.41.57:031][  0]LogConfig: Setting CVar [[r.DOF.Gather.AccumulatorQuality:1        ; higher gathering accumulator quality]]
[2022.09.06-18.41.57:031][  0]LogConfig: Setting CVar [[r.DOF.Gather.PostfilterMethod:1          ; Median3x3 postfilering method]]
[2022.09.06-18.41.57:031][  0]LogConfig: Setting CVar [[r.DOF.Gather.EnableBokehSettings:0       ; no bokeh simulation when gathering]]
[2022.09.06-18.41.57:031][  0]LogConfig: Setting CVar [[r.DOF.Gather.RingCount:4                 ; medium number of samples when gathering]]
[2022.09.06-18.41.57:031][  0]LogConfig: Setting CVar [[r.DOF.Scatter.ForegroundCompositing:1    ; additive foreground scattering]]
[2022.09.06-18.41.57:031][  0]LogConfig: Setting CVar [[r.DOF.Scatter.BackgroundCompositing:2    ; additive background scattering]]
[2022.09.06-18.41.57:031][  0]LogConfig: Setting CVar [[r.DOF.Scatter.EnableBokehSettings:1      ; bokeh simulation when scattering]]
[2022.09.06-18.41.57:031][  0]LogConfig: Setting CVar [[r.DOF.Scatter.MaxSpriteRatio:0.1         ; only a maximum of 10% of scattered bokeh]]
[2022.09.06-18.41.57:031][  0]LogConfig: Setting CVar [[r.DOF.Recombine.Quality:1                ; cheap slight out of focus]]
[2022.09.06-18.41.57:031][  0]LogConfig: Setting CVar [[r.DOF.Recombine.EnableBokehSettings:0    ; no bokeh simulation on slight out of focus]]
[2022.09.06-18.41.57:031][  0]LogConfig: Setting CVar [[r.DOF.TemporalAAQuality:1                ; more stable temporal accumulation]]
[2022.09.06-18.41.57:031][  0]LogConfig: Setting CVar [[r.DOF.Kernel.MaxForegroundRadius:0.025]]
[2022.09.06-18.41.57:032][  0]LogConfig: Setting CVar [[r.DOF.Kernel.MaxBackgroundRadius:0.025]]
[2022.09.06-18.41.57:032][  0]LogConfig: Applying CVar settings from Section [TextureQuality@3] File [C:/Users/halil/Documents/Unreal Projects/VillageLife/VillageLife/VillageLife/Saved/Config/Windows/Scalability.ini]
[2022.09.06-18.41.57:032][  0]LogConfig: Setting CVar [[r.Streaming.MipBias:0]]
[2022.09.06-18.41.57:032][  0]LogConfig: Setting CVar [[r.Streaming.AmortizeCPUToGPUCopy:0]]
[2022.09.06-18.41.57:032][  0]LogConfig: Setting CVar [[r.Streaming.MaxNumTexturesToStreamPerFrame:0]]
[2022.09.06-18.41.57:032][  0]LogConfig: Setting CVar [[r.Streaming.Boost:1]]
[2022.09.06-18.41.57:032][  0]LogConfig: Setting CVar [[r.MaxAnisotropy:8]]
[2022.09.06-18.41.57:032][  0]LogConfig: Setting CVar [[r.VT.MaxAnisotropy:8]]
[2022.09.06-18.41.57:032][  0]LogConfig: Setting CVar [[r.Streaming.LimitPoolSizeToVRAM:0]]
[2022.09.06-18.41.57:032][  0]LogConfig: Setting CVar [[r.Streaming.PoolSize:1000]]
[2022.09.06-18.41.57:032][  0]LogConfig: Setting CVar [[r.Streaming.MaxEffectiveScreenSize:0]]
[2022.09.06-18.41.57:032][  0]LogConfig: Applying CVar settings from Section [EffectsQuality@3] File [C:/Users/halil/Documents/Unreal Projects/VillageLife/VillageLife/VillageLife/Saved/Config/Windows/Scalability.ini]
[2022.09.06-18.41.57:032][  0]LogConfig: Setting CVar [[r.TranslucencyLightingVolumeDim:64]]
[2022.09.06-18.41.57:032][  0]LogConfig: Setting CVar [[r.RefractionQuality:2]]
[2022.09.06-18.41.57:032][  0]LogConfig: Setting CVar [[r.SSR.Quality:3]]
[2022.09.06-18.41.57:032][  0]LogConfig: Setting CVar [[r.SSR.HalfResSceneColor:0]]
[2022.09.06-18.41.57:032][  0]LogConfig: Setting CVar [[r.SceneColorFormat:4]]
[2022.09.06-18.41.57:032][  0]LogConfig: Setting CVar [[r.DetailMode:2]]
[2022.09.06-18.41.57:032][  0]LogConfig: Setting CVar [[r.TranslucencyVolumeBlur:1]]
[2022.09.06-18.41.57:032][  0]LogConfig: Setting CVar [[r.MaterialQualityLevel:1 ; High quality]]
[2022.09.06-18.41.57:033][  0]LogConfig: Setting CVar [[r.AnisotropicMaterials:1]]
[2022.09.06-18.41.57:033][  0]LogConfig: Setting CVar [[r.SSS.Scale:1]]
[2022.09.06-18.41.57:033][  0]LogConfig: Setting CVar [[r.SSS.SampleSet:2]]
[2022.09.06-18.41.57:033][  0]LogConfig: Setting CVar [[r.SSS.Quality:1]]
[2022.09.06-18.41.57:033][  0]LogConfig: Setting CVar [[r.SSS.HalfRes:0]]
[2022.09.06-18.41.57:033][  0]LogConfig: Setting CVar [[r.SSGI.Quality:3]]
[2022.09.06-18.41.57:033][  0]LogConfig: Setting CVar [[r.EmitterSpawnRateScale:1.0]]
[2022.09.06-18.41.57:033][  0]LogConfig: Setting CVar [[r.ParticleLightQuality:2]]
[2022.09.06-18.41.57:033][  0]LogConfig: Setting CVar [[r.SkyAtmosphere.AerialPerspectiveLUT.FastApplyOnOpaque:1 ; Always have FastSkyLUT 1 in this case to avoid wrong sky]]
[2022.09.06-18.41.57:033][  0]LogConfig: Setting CVar [[r.SkyAtmosphere.AerialPerspectiveLUT.SampleCountMaxPerSlice:4]]
[2022.09.06-18.41.57:033][  0]LogConfig: Setting CVar [[r.SkyAtmosphere.AerialPerspectiveLUT.DepthResolution:16.0]]
[2022.09.06-18.41.57:033][  0]LogConfig: Setting CVar [[r.SkyAtmosphere.FastSkyLUT:1]]
[2022.09.06-18.41.57:033][  0]LogConfig: Setting CVar [[r.SkyAtmosphere.FastSkyLUT.SampleCountMin:4.0]]
[2022.09.06-18.41.57:033][  0]LogConfig: Setting CVar [[r.SkyAtmosphere.FastSkyLUT.SampleCountMax:128.0]]
[2022.09.06-18.41.57:033][  0]LogConfig: Setting CVar [[r.SkyAtmosphere.SampleCountMin:4.0]]
[2022.09.06-18.41.57:033][  0]LogConfig: Setting CVar [[r.SkyAtmosphere.SampleCountMax:128.0]]
[2022.09.06-18.41.57:033][  0]LogConfig: Setting CVar [[r.SkyAtmosphere.TransmittanceLUT.UseSmallFormat:0]]
[2022.09.06-18.41.57:033][  0]LogConfig: Setting CVar [[r.SkyAtmosphere.TransmittanceLUT.SampleCount:10.0]]
[2022.09.06-18.41.57:033][  0]LogConfig: Setting CVar [[r.SkyAtmosphere.MultiScatteringLUT.SampleCount:15.0]]
[2022.09.06-18.41.57:033][  0]LogConfig: Setting CVar [[r.SkyLight.RealTimeReflectionCapture:1]]
[2022.09.06-18.41.57:034][  0]LogConfig: Applying CVar settings from Section [FoliageQuality@3] File [C:/Users/halil/Documents/Unreal Projects/VillageLife/VillageLife/VillageLife/Saved/Config/Windows/Scalability.ini]
[2022.09.06-18.41.57:034][  0]LogConfig: Setting CVar [[foliage.DensityScale:1.0]]
[2022.09.06-18.41.57:034][  0]LogConfig: Setting CVar [[grass.DensityScale:1.0]]
[2022.09.06-18.41.57:034][  0]LogConfig: Applying CVar settings from Section [ShadingQuality@3] File [C:/Users/halil/Documents/Unreal Projects/VillageLife/VillageLife/VillageLife/Saved/Config/Windows/Scalability.ini]
[2022.09.06-18.41.57:034][  0]LogConfig: Setting CVar [[r.HairStrands.SkyLighting.IntegrationType:2]]
[2022.09.06-18.41.57:034][  0]LogConfig: Setting CVar [[r.HairStrands.SkyAO.SampleCount:4]]
[2022.09.06-18.41.57:034][  0]LogConfig: Setting CVar [[r.HairStrands.Visibility.MSAA.SamplePerPixel:4]]
[2022.09.06-18.41.57:034][  0]LogConfig: Applying CVar settings from Section [Startup] File [../../../Engine/Config/ConsoleVariables.ini]
[2022.09.06-18.41.57:037][  0]LogConfig: Setting CVar [[net.UseAdaptiveNetUpdateFrequency:0]]
[2022.09.06-18.41.57:037][  0]LogConfig: Setting CVar [[p.chaos.AllowCreatePhysxBodies:1]]
[2022.09.06-18.41.57:037][  0]LogConfig: Setting CVar [[fx.SkipVectorVMBackendOptimizations:1]]
[2022.09.06-18.41.57:037][  0]LogConfig: Applying CVar settings from Section [ConsoleVariables] File [C:/Users/halil/Documents/Unreal Projects/VillageLife/VillageLife/VillageLife/Saved/Config/Windows/Engine.ini]
[2022.09.06-18.41.57:038][  0]LogConfig: Applying CVar settings from Section [ConsoleVariables] File [C:/Users/halil/Documents/Unreal Projects/VillageLife/VillageLife/VillageLife/Saved/Config/Windows/Editor.ini]
[2022.09.06-18.41.57:038][  0]LogInit: Computer: DESKTOP-SC6CMK9
[2022.09.06-18.41.57:038][  0]LogInit: User: halil
[2022.09.06-18.41.57:038][  0]LogInit: CPU Page size=4096, Cores=6
[2022.09.06-18.41.57:038][  0]LogInit: High frequency timer resolution =10.000000 MHz
[2022.09.06-18.41.57:038][  0]LogMemory: Memory total: Physical=7.9GB (8GB approx)
[2022.09.06-18.41.57:038][  0]LogMemory: Platform Memory Stats for Windows
[2022.09.06-18.41.57:038][  0]LogMemory: Process Physical Memory: 143.34 MB used, 143.34 MB peak
[2022.09.06-18.41.57:038][  0]LogMemory: Process Virtual Memory: 119.74 MB used, 119.74 MB peak
[2022.09.06-18.41.57:038][  0]LogMemory: Physical Memory: 5145.66 MB used,  2937.90 MB free, 8083.56 MB total
[2022.09.06-18.41.57:038][  0]LogMemory: Virtual Memory: 134206400.00 MB used,  11330.53 MB free, 134217728.00 MB total
[2022.09.06-18.41.57:058][  0]LogWindows: WindowsPlatformFeatures enabled
[2022.09.06-18.41.57:929][  0]LogInit: Physics initialised using underlying interface: PhysX
[2022.09.06-18.41.57:933][  0]LogInit: Using OS detected language (tr-TR).
[2022.09.06-18.41.57:933][  0]LogInit: Using OS detected locale (tr-TR).
[2022.09.06-18.41.57:960][  0]LogTextLocalizationManager: No localization for 'tr-TR' exists, so 'en' will be used for the language.
[2022.09.06-18.42.00:531][  0]LogInit: Setting process to per monitor DPI aware
[2022.09.06-18.42.00:610][  0]LogWindowsTextInputMethodSystem: Display: IME system deactivated.
[2022.09.06-18.42.00:809][  0]LogSlate: New Slate User Created.  User Index 0, Is Virtual User: 0
[2022.09.06-18.42.00:809][  0]LogSlate: Slate User Registered.  User Index 0, Is Virtual User: 0
[2022.09.06-18.42.09:925][  0]LogD3D11RHI: Loaded GFSDK_Aftermath_Lib.x64.dll
[2022.09.06-18.42.10:051][  0]LogHMD: Failed to initialize OpenVR with code 110
[2022.09.06-18.42.10:051][  0]LogD3D11RHI: D3D11 min allowed feature level: 11_0
[2022.09.06-18.42.10:051][  0]LogD3D11RHI: D3D11 max allowed feature level: 11_0
[2022.09.06-18.42.10:051][  0]LogD3D11RHI: D3D11 adapters:
[2022.09.06-18.42.10:844][  0]LogD3D11RHI:    0. 'NVIDIA GeForce GTX 1050 Ti' (Feature Level 11_0)
[2022.09.06-18.42.10:844][  0]LogD3D11RHI:       4018/0/4041 MB DedicatedVideo/DedicatedSystem/SharedSystem, Outputs:2, VendorId:0x10de
[2022.09.06-18.42.10:941][  0]LogD3D11RHI:    1. 'Intel(R) UHD Graphics 630' (Feature Level 11_0)
[2022.09.06-18.42.10:941][  0]LogD3D11RHI:       128/0/4041 MB DedicatedVideo/DedicatedSystem/SharedSystem, Outputs:0, VendorId:0x8086
[2022.09.06-18.42.10:951][  0]LogD3D11RHI:    2. 'Microsoft Basic Render Driver' (Feature Level 11_0)
[2022.09.06-18.42.10:951][  0]LogD3D11RHI:       0/0/4041 MB DedicatedVideo/DedicatedSystem/SharedSystem, Outputs:0, VendorId:0x1414
[2022.09.06-18.42.10:951][  0]LogD3D11RHI: Chosen D3D11 Adapter:
[2022.09.06-18.42.10:951][  0]LogD3D11RHI:     Description : NVIDIA GeForce GTX 1050 Ti
[2022.09.06-18.42.10:951][  0]LogD3D11RHI:     VendorId    : 10de
[2022.09.06-18.42.10:951][  0]LogD3D11RHI:     DeviceId    : 1c8c
[2022.09.06-18.42.10:952][  0]LogD3D11RHI:     SubSysId    : 10421d05
[2022.09.06-18.42.10:952][  0]LogD3D11RHI:     Revision    : 00a1
[2022.09.06-18.42.10:952][  0]LogD3D11RHI:     DedicatedVideoMemory : 4213178368 bytes
[2022.09.06-18.42.10:952][  0]LogD3D11RHI:     DedicatedSystemMemory : 0 bytes
[2022.09.06-18.42.10:952][  0]LogD3D11RHI:     SharedSystemMemory : 4238112768 bytes
[2022.09.06-18.42.10:952][  0]LogD3D11RHI:     AdapterLuid : 0 58967
[2022.09.06-18.42.10:966][  0]LogD3D11RHI: Creating new Direct3DDevice
[2022.09.06-18.42.10:966][  0]LogD3D11RHI:     GPU DeviceId: 0x1c8c (for the marketing name, search the web for "GPU Device Id")
[2022.09.06-18.42.10:966][  0]LogWindows: EnumDisplayDevices:
[2022.09.06-18.42.10:967][  0]LogWindows:    0. 'Intel(R) UHD Graphics 630' (P:1 D:1)
[2022.09.06-18.42.10:968][  0]LogWindows:    1. 'Intel(R) UHD Graphics 630' (P:0 D:0)
[2022.09.06-18.42.10:969][  0]LogWindows:    2. 'Intel(R) UHD Graphics 630' (P:0 D:0)
[2022.09.06-18.42.10:969][  0]LogWindows:    3. 'NVIDIA GeForce GTX 1050 Ti' (P:0 D:1)
[2022.09.06-18.42.10:970][  0]LogWindows: DebugString: PrimaryIsNotTheChoosenAdapter PrimaryIsNotTheChoosenAdapter PrimaryIsNotTheChoosenAdapter 
[2022.09.06-18.42.10:970][  0]LogD3D11RHI:     Adapter Name: NVIDIA GeForce GTX 1050 Ti
[2022.09.06-18.42.10:970][  0]LogD3D11RHI:   Driver Version: 512.89 (internal:30.0.15.1289, unified:512.89)
[2022.09.06-18.42.10:970][  0]LogD3D11RHI:      Driver Date: 5-14-2022
[2022.09.06-18.42.10:970][  0]LogRHI: Texture pool is 2812 MB (70% of 4018 MB)
[2022.09.06-18.42.10:970][  0]LogD3D11RHI: Creating D3DDevice using adapter:
[2022.09.06-18.42.10:970][  0]LogD3D11RHI:     Description : NVIDIA GeForce GTX 1050 Ti
[2022.09.06-18.42.10:970][  0]LogD3D11RHI:     VendorId    : 10de
[2022.09.06-18.42.10:970][  0]LogD3D11RHI:     DeviceId    : 1c8c
[2022.09.06-18.42.10:970][  0]LogD3D11RHI:     SubSysId    : 10421d05
[2022.09.06-18.42.10:971][  0]LogD3D11RHI:     Revision    : 00a1
[2022.09.06-18.42.10:971][  0]LogD3D11RHI:     DedicatedVideoMemory : 4213178368 bytes
[2022.09.06-18.42.10:971][  0]LogD3D11RHI:     DedicatedSystemMemory : 0 bytes
[2022.09.06-18.42.10:971][  0]LogD3D11RHI:     SharedSystemMemory : 4238112768 bytes
[2022.09.06-18.42.10:971][  0]LogD3D11RHI:     AdapterLuid : 0 58967
[2022.09.06-18.42.11:468][  0]LogD3D11RHI: RHI has support for 64 bit atomics
[2022.09.06-18.42.11:468][  0]LogD3D11RHI: Async texture creation enabled
[2022.09.06-18.42.11:468][  0]LogD3D11RHI: Array index from any shader is supported
[2022.09.06-18.42.11:556][  0]LogD3D11RHI: GPU Timing Frequency: 1000.000000 (Debug: 2 1)
[2022.09.06-18.42.12:061][  0]LogRHI: GeForceNow SDK initialized: 1
[2022.09.06-18.42.13:892][  0]LogTargetPlatformManager: Display: Loaded TargetPlatform 'AllDesktop'
[2022.09.06-18.42.14:025][  0]LogTargetPlatformManager: Display: Loaded TargetPlatform 'Android'
[2022.09.06-18.42.14:026][  0]LogTargetPlatformManager: Display: Loaded TargetPlatform 'Android_ASTC'
[2022.09.06-18.42.14:026][  0]LogTargetPlatformManager: Display: Loaded TargetPlatform 'Android_DXT'
[2022.09.06-18.42.14:026][  0]LogTargetPlatformManager: Display: Loaded TargetPlatform 'Android_ETC2'
[2022.09.06-18.42.14:026][  0]LogTargetPlatformManager: Display: Loaded TargetPlatform 'AndroidClient'
[2022.09.06-18.42.14:026][  0]LogTargetPlatformManager: Display: Loaded TargetPlatform 'Android_ASTCClient'
[2022.09.06-18.42.14:026][  0]LogTargetPlatformManager: Display: Loaded TargetPlatform 'Android_DXTClient'
[2022.09.06-18.42.14:026][  0]LogTargetPlatformManager: Display: Loaded TargetPlatform 'Android_ETC2Client'
[2022.09.06-18.42.14:026][  0]LogTargetPlatformManager: Display: Loaded TargetPlatform 'Android_Multi'
[2022.09.06-18.42.14:026][  0]LogTargetPlatformManager: Display: Loaded TargetPlatform 'Android_MultiClient'
[2022.09.06-18.42.14:251][  0]LogTargetPlatformManager: Display: Loaded TargetPlatform 'IOSClient'
[2022.09.06-18.42.14:251][  0]LogTargetPlatformManager: Display: Loaded TargetPlatform 'IOS'
[2022.09.06-18.42.14:352][  0]LogTargetPlatformManager: Display: Loaded TargetPlatform 'Linux'
[2022.09.06-18.42.14:419][  0]LogTargetPlatformManager: Display: Loaded TargetPlatform 'LinuxNoEditor'
[2022.09.06-18.42.14:492][  0]LogTargetPlatformManager: Display: Loaded TargetPlatform 'LinuxClient'
[2022.09.06-18.42.14:569][  0]LogTargetPlatformManager: Display: Loaded TargetPlatform 'LinuxServer'
[2022.09.06-18.42.14:674][  0]LogTargetPlatformManager: Display: Loaded TargetPlatform 'LinuxAArch64NoEditor'
[2022.09.06-18.42.14:740][  0]LogTargetPlatformManager: Display: Loaded TargetPlatform 'LinuxAArch64Client'
[2022.09.06-18.42.14:816][  0]LogTargetPlatformManager: Display: Loaded TargetPlatform 'LinuxAArch64Server'
[2022.09.06-18.42.14:977][  0]LogTargetPlatformManager: Display: Loaded TargetPlatform 'Lumin'
[2022.09.06-18.42.14:977][  0]LogTargetPlatformManager: Display: Loaded TargetPlatform 'LuminClient'
[2022.09.06-18.42.15:057][  0]LogTargetPlatformManager: Display: Loaded TargetPlatform 'MacNoEditor'
[2022.09.06-18.42.15:127][  0]LogTargetPlatformManager: Display: Loaded TargetPlatform 'Mac'
[2022.09.06-18.42.15:199][  0]LogTargetPlatformManager: Display: Loaded TargetPlatform 'MacClient'
[2022.09.06-18.42.15:269][  0]LogTargetPlatformManager: Display: Loaded TargetPlatform 'MacServer'
[2022.09.06-18.42.15:360][  0]LogTargetPlatformManager: Display: Loaded TargetPlatform 'TVOSClient'
[2022.09.06-18.42.15:361][  0]LogTargetPlatformManager: Display: Loaded TargetPlatform 'TVOS'
[2022.09.06-18.42.15:454][  0]LogTargetPlatformManager: Display: Loaded TargetPlatform 'WindowsNoEditor'
[2022.09.06-18.42.15:532][  0]LogTargetPlatformManager: Display: Loaded TargetPlatform 'Windows'
[2022.09.06-18.42.15:606][  0]LogTargetPlatformManager: Display: Loaded TargetPlatform 'WindowsClient'
[2022.09.06-18.42.15:678][  0]LogTargetPlatformManager: Display: Loaded TargetPlatform 'WindowsServer'
[2022.09.06-18.42.15:678][  0]LogTargetPlatformManager: Display: Building Assets For Windows
[2022.09.06-18.42.15:938][  0]LogAudioDebug: Display: Lib vorbis DLL was dynamically loaded.
[2022.09.06-18.42.16:743][  0]LogTextureFormatOodle: Display: Oodle Texture 2.9.0 init RDO Off
[2022.09.06-18.42.17:780][  0]LogRendererCore: Ray tracing is disabled. Reason: r.RayTracing=0.
[2022.09.06-18.42.17:781][  0]LogShaderCompilers: Guid format shader working directory is -45 characters bigger than the processId version (../../../../../../Users/halil/Documents/Unreal Projects/VillageLife/VillageLife/VillageLife/Intermediate/Shaders/WorkingDirectory/7400/).
[2022.09.06-18.42.17:781][  0]LogShaderCompilers: Cleaned the shader compiler working directory 'C:/Users/halil/AppData/Local/Temp/UnrealShaderWorkingDir/266BB3B949A0702E0D3664A523DBEC66/'.
[2022.09.06-18.42.17:782][  0]LogXGEController: Cannot use XGE Controller as Incredibuild is not installed on this machine.
[2022.09.06-18.42.17:782][  0]LogShaderCompilers: Cannot use XGE Shader Compiler as Incredibuild is not installed on this machine.
[2022.09.06-18.42.17:782][  0]LogShaderCompilers: Display: Using Local Shader Compiler.
[2022.09.06-18.42.28:625][  0]LogDerivedDataCache: Display: Max Cache Size: 512 MB
[2022.09.06-18.42.29:891][  0]LogDerivedDataCache: Loaded boot cache 1.26s 94MB C:/Users/halil/AppData/Local/UnrealEngine/4.27/DerivedDataCache/Boot.ddc.
[2022.09.06-18.42.29:891][  0]LogDerivedDataCache: Display: Loaded Boot cache: C:/Users/halil/AppData/Local/UnrealEngine/4.27/DerivedDataCache/Boot.ddc
[2022.09.06-18.42.29:892][  0]LogDerivedDataCache: FDerivedDataBackendGraph:  Pak pak cache file ../../../../../../Users/halil/Documents/Unreal Projects/VillageLife/VillageLife/VillageLife/DerivedDataCache/DDC.ddp not found, will not use a pak cache.
[2022.09.06-18.42.29:892][  0]LogDerivedDataCache: Unable to find inner node Pak for hierarchical cache Hierarchy.
[2022.09.06-18.42.29:892][  0]LogDerivedDataCache: FDerivedDataBackendGraph:  CompressedPak pak cache file ../../../../../../Users/halil/Documents/Unreal Projects/VillageLife/VillageLife/VillageLife/DerivedDataCache/Compressed.ddp not found, will not use a pak cache.
[2022.09.06-18.42.29:892][  0]LogDerivedDataCache: Unable to find inner node CompressedPak for hierarchical cache Hierarchy.
[2022.09.06-18.42.30:022][  0]LogDerivedDataCache: Display: Pak cache opened for reading ../../../Engine/DerivedDataCache/Compressed.ddp.
[2022.09.06-18.42.30:023][  0]LogDerivedDataCache: FDerivedDataBackendGraph:  EnterprisePak pak cache file ../../../Enterprise/DerivedDataCache/Compressed.ddp not found, will not use a pak cache.
[2022.09.06-18.42.30:023][  0]LogDerivedDataCache: Unable to find inner node EnterprisePak for hierarchical cache Hierarchy.
[2022.09.06-18.42.30:089][  0]LogDerivedDataCache: Speed tests for C:/Users/halil/AppData/Local/UnrealEngine/Common/DerivedDataCache took 0.07 seconds
[2022.09.06-18.42.30:089][  0]LogDerivedDataCache: Display: Performance to C:/Users/halil/AppData/Local/UnrealEngine/Common/DerivedDataCache: Latency=0.68ms. RandomReadSpeed=31.03MBs, RandomWriteSpeed=33.87MBs. Assigned SpeedClass 'Local'
[2022.09.06-18.42.30:091][  0]LogDerivedDataCache: Using Local data cache path C:/Users/halil/AppData/Local/UnrealEngine/Common/DerivedDataCache: Writable
[2022.09.06-18.42.30:091][  0]LogDerivedDataCache: Shared data cache path not found in *engine.ini, will not use an Shared cache.
[2022.09.06-18.42.30:091][  0]LogDerivedDataCache: Unable to find inner node Shared for hierarchical cache Hierarchy.
[2022.09.06-18.42.30:319][  0]LogSlate: Using FreeType 2.10.0
[2022.09.06-18.42.30:364][  0]LogSlate: SlateFontServices - WITH_FREETYPE: 1, WITH_HARFBUZZ: 1
[2022.09.06-18.42.30:551][  0]LogAssetRegistry: FAssetRegistry took 0.0112 seconds to start up
[2022.09.06-18.42.32:052][  0]LogInit: Selected Device Profile: [Windows]
[2022.09.06-18.42.32:053][  0]LogInit: Active device profile: [0000017DDA1CF600][0000017DD79B3A00 49] Windows
[2022.09.06-18.42.32:053][  0]LogInit: Profiles: [0000017DDA1CF600][0000017DD79B3A00 49] Windows, [0000017DDA198C00][0000017DD79BA140 49] WindowsNoEditor, [0000017DDA1CCC00][0000017DD9D04400 49] WindowsServer, [0000017DDA19AF00][0000017DD9D086C0 49] WindowsClient, [0000017DDA1CEE00][0000017DD9D0C980 49] IOS, [0000017DDA199400][0000017DD79B6C00 49] iPadAir, [0000017DDA1CD300][0000017DD9D10E80 49] iPadAir2, [0000017DDA10FF00][0000017DD9D433C0 49] IPadPro, [0000017DDA10FE00][0000017DD9D1D400 49] iPadAir3, [0000017DDA1CE900][0000017DD9D3B6C0 49] iPadAir4, [0000017DDA10D100][0000017DD9D37980 49] iPadMini2, [0000017DDA1CD700][0000017DD9D3E0C0 49] iPadMini3, [0000017DDA10E900][0000017DD9D46380 49] iPadMini4, [0000017DDA1CF700][0000017DD9D4A640 49] iPadMini5, [0000017DDA1BB800][0000017DD9D5EB80 49] iPhone6, [0000017DDA1BB900][0000017DD9D4EBC0 49] iPodTouch6, [0000017DDA10D200][0000017DD9D63080 49] iPhone7, [0000017DDA10D300][0000017DD9D190C0 49] iPodTouch7, [0000017DDA1B9000][0000017DD9D5B380 49] iPhone5S, [0000017DDA10EC00][0000017DD9D53640 49] iPhone6Plus, [0000017DDA1BAA00][0000017DD9D6F900 49] iPhone6S, [0000017DDA10CD00][0000017DD9D73BC0 49] iPhone6SPlus, [0000017DDA1B9700][0000017DD9D76300 49] iPhone7Plus, [0000017DDA10FD00][0000017DD9D7A5C0 49] iPhoneSE, [0000017DDA1BA300][0000017DD9D7E880 49] iPhone8, [0000017DDA10F600][0000017DD9D82B40 49] iPhone8Plus, [0000017DDA1B8F00][0000017DD9D86E00 49] iPhoneX, [0000017DDA10DA00][0000017DD9D57080 49] iPhoneXS, [0000017DDA1BAC00][0000017DD9D8B300 49] iPhoneXSMax, [0000017DDA10ED00][0000017DD9D935C0 49] iPhoneXR, [0000017DDA1B9400][0000017DD9D97880 49] iPhone11, [0000017DDA10C800][0000017DD9D9BB40 49] iPhone11Pro, [0000017DDA1B9900][0000017DD9DC6280 49] iPhone11ProMax, [0000017DDA10E500][0000017DD9DCA540 49] iPhoneSE2, [0000017DDA1B9300][0000017DDADE0800 49] iPhone12Mini, [0000017DDA10F300][0000017DDADE4AC0 49] iPhone12, [0000017DDA1BA800][0000017DDADE8D80 49] iPhone12Pro, [0000017DDA10F500][0000017DDADED040 49] iPhone12ProMax, [0000017DDA1B8D00][0000017DD9D8F2C0 49] iPadPro105, [0000017DDA10F000][0000017DDADF1540 49] iPadPro129, [0000017DDA1BA200][0000017DDAE21800 49] iPadPro97, [0000017DDA10F700][0000017DDAE25AC0 49] iPadPro2_129, [0000017DDA1BBA00][0000017DDAE28200 49] iPad5, [0000017DDA10D500][0000017DDAE2C4C0 49] iPad6, [0000017DDA1BA700][0000017DDAE30780 49] iPad7, [0000017DDA10E000][0000017DDAE34A40 49] iPad8, [0000017DDA1B9100][0000017DDAE38D00 49] iPadPro11, [0000017DDA10C300][0000017DDAE3CFC0 49] iPadPro2_11, [0000017DDA1B8800][0000017DDAE41280 49] iPadPro3_129, [0000017DDA10CF00][0000017DDAE1D500 49] iPadPro4_129, [0000017DDA1BA000][0000017DDAE45780 49] AppleTV, [0000017DDA10D400][0000017DDAE4DA40 49] AppleTV4K, [0000017DDA1B9E00][0000017DDAE50180 49] TVOS, [0000017DDA10C200][0000017DDAE54440 49] Mac, [0000017DDA1BA500][0000017DDAE58700 49] MacClient, [0000017DDA10D900][0000017DDAE5C9C0 49] MacNoEditor, [0000017DDA1B8A00][0000017DDAE60C80 49] MacServer, [0000017DDA10C700][0000017DDAE64F40 49] Linux, [0000017DDA1B8200][0000017DDAE69200 49] LinuxAArch64, [0000017DDA10E200][0000017DDAE6D4C0 49] LinuxNoEditor, [0000017DDA1BA100][0000017DDAE49740 49] LinuxAArch64NoEditor, [0000017DD8E04100][0000017DDAE719C0 49] LinuxClient, [0000017DDA19A800][0000017DDAE78100 49] LinuxAArch64Client, [0000017DD8E05500][0000017DDAE7C3C0 49] LinuxServer, [0000017DDA198D00][0000017DDAE80680 49] LinuxAArch64Server, [0000017DD8E04300][0000017DDAE84940 49] Android, [0000017DDA19B400][0000017DDAE88C00 49] Android_Low, [0000017DD8E04A00][0000017DDAE8CEC0 49] Android_Mid, [0000017DDA199200][0000017DDAE91180 49] Android_High, [0000017DD8E04F00][0000017DDAE95440 49] Android_Default, [0000017DDA198100][0000017DDAE99700 49] Android_Adreno4xx, [0000017DD8E05E00][0000017DDAE75980 49] Android_Adreno5xx_Low, [0000017DDA199C00][0000017DDAEA00C0 49] Android_Adreno5xx, [0000017DD8E05300][0000017DDAEA4380 49] Android_Adreno6xx, [0000017DDA198200][0000017DDAEA8640 49] Android_Adreno6xx_Vulkan, [0000017DD8E06200][0000017DDAEAC900 49] Android_Mali_T6xx, [0000017DDA19AA00][0000017DDAEB0BC0 49] Android_Mali_T7xx, [0000017DD8E04C00][0000017DDAEB4E80 49] Android_Mali_T8xx, [0000017DDA19BE00][0000017DDAEB9140 49] Android_Mali_G71, [0000017DD8E05F00][0000017DDAEBD400 49] Android_Mali_G72, [0000017DDA19BF00][0000017DDAEC16C0 49] Android_Mali_G72_Vulkan, [0000017DD8E06000][0000017DDAE9D940 49] Android_Mali_G76, [0000017DDA198A00][0000017DDAEC5BC0 49] Android_Mali_G76_Vulkan, [0000017DDA1B9200][0000017DDAECC300 49] Android_Mali_G77, [0000017DDA10F200][0000017DDAED05C0 49] Android_Mali_G77_Vulkan, [0000017DDA1BBF00][0000017DDAED4880 49] Android_Mali_G78, [0000017DDA10F900][0000017DDAED8B40 49] Android_Mali_G78_Vulkan, [0000017DDA1B9B00][0000017DDAEDCE00 49] Android_Mali_G710, [0000017DDA10FB00][0000017DDAEE10C0 49] Android_Mali_G710_Vulkan, [0000017DDA1B8600][0000017DDAEE5380 49] Android_Vulkan_SM5, [0000017DDA10F100][0000017DDAEE9640 49] Android_PowerVR_G6xxx, [0000017DDA1BB200][0000017DDAEED900 49] Android_PowerVR_GT7xxx, [0000017DDA10DC00][0000017DDAEC9B80 49] Android_PowerVR_GE8xxx, [0000017DDA1B8C00][0000017DDAEF0280 49] Android_PowerVR_GM9xxx, [0000017DDA10EB00][0000017DDAEF8540 49] Android_PowerVR_GM9xxx_Vulkan, [0000017DD8E04700][0000017DDAEFC800 49] Android_TegraK1, [0000017DDA10C900][0000017DDAF00AC0 49] Android_Unknown_Vulkan, [0000017DD8E04400][0000017DDAF04D80 49] Lumin, [0000017DDA10E300][0000017DDAF09040 49] Lumin_Desktop, [0000017DD8E04200][0000017DDAF0D300 49] HoloLens, 
[2022.09.06-18.42.34:370][  0]LogMeshReduction: Using QuadricMeshReduction for automatic static mesh reduction
[2022.09.06-18.42.34:370][  0]LogMeshReduction: Using SimplygonMeshReduction for automatic skeletal mesh reduction
[2022.09.06-18.42.34:371][  0]LogMeshReduction: Using ProxyLODMeshReduction for automatic mesh merging
[2022.09.06-18.42.34:371][  0]LogMeshReduction: No distributed automatic mesh merging module available
[2022.09.06-18.42.34:371][  0]LogMeshMerging: No distributed automatic mesh merging module available
[2022.09.06-18.42.34:511][  0]LogNetVersion: VillageLife 1.0.0, NetCL: 17155196, EngineNetVer: 17, GameNetVer: 0 (Checksum: 91155298)
[2022.09.06-18.42.36:426][  0]LogTexture: Default maximum texture size for cubemaps generated from long-lat sources has been changed from 512 to unlimited. In order to preserve old behaiour for '/Engine/MapTemplates/Sky/DaylightAmbientCubemap.DaylightAmbientCubemap', its maximum texture size has been explicitly set to 512.
[2022.09.06-18.42.36:619][  0]LogHMD: PokeAHoleMaterial loaded successfully
[2022.09.06-18.42.36:632][  0]LogUObjectArray: 17178 objects as part of root set at end of initial load.
[2022.09.06-18.42.36:632][  0]LogUObjectAllocator: 4302048 out of 0 bytes used by permanent object pool.
[2022.09.06-18.42.36:632][  0]LogUObjectArray: CloseDisregardForGC: 0/0 objects in disregard for GC pool
[2022.09.06-18.42.44:379][  0]LogNiagaraDebuggerClient: Niagara Debugger Client Initialized | Session: 9EEEDD984F37D133C667C3BB082F8037 | Instance: 31953137447A14C07D9B21A6E7B910E9 (DESKTOP-SC6CMK9-7400).
[2022.09.06-18.42.46:763][  0]LogTcpMessaging: Initializing TcpMessaging bridge
[2022.09.06-18.42.46:925][  0]LogUdpMessaging: Initializing bridge on interface 0.0.0.0:0 to multicast group 230.0.0.1:6666.
[2022.09.06-18.42.47:268][  0]LogPython: Using Python 3.7.7
[2022.09.06-18.42.54:355][  0]SourceControl: Source control is disabled
[2022.09.06-18.42.54:355][  0]SourceControl: Source control is disabled
[2022.09.06-18.42.54:445][  0]SourceControl: Source control is disabled
[2022.09.06-18.42.54:533][  0]SourceControl: Source control is disabled
[2022.09.06-18.42.54:627][  0]SourceControl: Source control is disabled
[2022.09.06-18.42.54:888][  0]LogUProjectInfo: Found projects:
[2022.09.06-18.42.58:903][  0]LogOpenImageDenoise: OIDN starting up
[2022.09.06-18.42.59:307][  0]LogAndroidPermission: UAndroidPermissionCallbackProxy::GetInstance
[2022.09.06-18.42.59:801][  0]LogAudioCaptureCore: Display: No Audio Capture implementations found. Audio input will be silent.
[2022.09.06-18.42.59:801][  0]LogAudioCaptureCore: Display: No Audio Capture implementations found. Audio input will be silent.
[2022.09.06-18.43.01:307][  0]LogCollectionManager: Loaded 0 collections in 0.007683 seconds
[2022.09.06-18.43.01:322][  0]LogFileCache: Scanning file cache for directory 'C:/Users/halil/Documents/Unreal Projects/VillageLife/VillageLife/VillageLife/Saved/Collections/' took 0.00s
[2022.09.06-18.43.01:322][  0]LogFileCache: Scanning file cache for directory 'C:/Users/halil/Documents/Unreal Projects/VillageLife/VillageLife/VillageLife/Content/Developers/halil/Collections/' took 0.00s
[2022.09.06-18.43.01:322][  0]LogFileCache: Scanning file cache for directory 'C:/Users/halil/Documents/Unreal Projects/VillageLife/VillageLife/VillageLife/Content/Collections/' took 0.00s
